# JRE version: OpenJDK Runtime Environment JBR-21.0.3+13-509.11-jcef (21.0.3+13) (build 21.0.3+13-b509.11)
# Java VM: OpenJDK 64-Bit Server VM JBR-21.0.3+13-509.11-jcef (21.0.3+13-b509.11, mixed mode, tiered, compressed oops, compressed class ptrs, g1 gc, windows-amd64)
GC Precious Log:
 CardTable entry size: 512
 Card Set container configuration: InlinePtr #cards 5 size 8 Array Of Cards #cards 12 size 40 Howl #buckets 4 coarsen threshold 1843 Howl Bitmap #cards 512 size 80 coarsen threshold 460 Card regions per heap region 1 cards per card region 2048
 CPUs: 16 total, 16 available
 Memory: 15753M
 Large Page Support: Disabled
 NUMA Support: Disabled
 Compressed Oops: Enabled (32-bit)
 Heap Region Size: 1M
 Heap Min Capacity: 128M
 Heap Initial Capacity: 128M
 Heap Max Capacity: 2G
 Pre-touch: Disabled
 Parallel Workers: 13
 Concurrent Workers: 3
 Concurrent Refinement Workers: 13
 Periodic GC: Disabled
Heap:
 garbage-first heap   total 178176K, used 176103K [0x0000000080000000, 0x0000000100000000)
  region size 1024K, 48 young (49152K), 10 survivors (10240K)
 Metaspace       used 81176K, committed 82432K, reserved 1179648K
  class space    used 8856K, committed 9344K, reserved 1048576K
GC Heap History (20 events):
Event: 0.957 GC heap before
{Heap before GC invocations=4 (full 0):
 garbage-first heap   total 131072K, used 42398K [0x0000000080000000, 0x0000000100000000)
  region size 1024K, 16 young (16384K), 8 survivors (8192K)
 Metaspace       used 35926K, committed 36416K, reserved 1114112K
  class space    used 3479K, committed 3712K, reserved 1048576K
}
Event: 0.961 GC heap after
{Heap after GC invocations=5 (full 0):
 garbage-first heap   total 131072K, used 38418K [0x0000000080000000, 0x0000000100000000)
  region size 1024K, 2 young (2048K), 2 survivors (2048K)
 Metaspace       used 35926K, committed 36416K, reserved 1114112K
  class space    used 3479K, committed 3712K, reserved 1048576K
}
Event: 2.159 GC heap before
{Heap before GC invocations=6 (full 0):
 garbage-first heap   total 131072K, used 86546K [0x0000000080000000, 0x0000000100000000)
  region size 1024K, 50 young (51200K), 2 survivors (2048K)
 Metaspace       used 45823K, committed 46592K, reserved 1114112K
  class space    used 4614K, committed 4992K, reserved 1048576K
}
Event: 2.161 GC heap after
{Heap after GC invocations=7 (full 0):
 garbage-first heap   total 131072K, used 44245K [0x0000000080000000, 0x0000000100000000)
  region size 1024K, 7 young (7168K), 7 survivors (7168K)
 Metaspace       used 45823K, committed 46592K, reserved 1114112K
  class space    used 4614K, committed 4992K, reserved 1048576K
}
Event: 3.479 GC heap before
{Heap before GC invocations=7 (full 0):
 garbage-first heap   total 131072K, used 101589K [0x0000000080000000, 0x0000000100000000)
  region size 1024K, 57 young (58368K), 7 survivors (7168K)
 Metaspace       used 57767K, committed 58752K, reserved 1114112K
  class space    used 6007K, committed 6400K, reserved 1048576K
}
Event: 3.485 GC heap after
{Heap after GC invocations=8 (full 0):
 garbage-first heap   total 131072K, used 54311K [0x0000000080000000, 0x0000000100000000)
  region size 1024K, 6 young (6144K), 6 survivors (6144K)
 Metaspace       used 57767K, committed 58752K, reserved 1114112K
  class space    used 6007K, committed 6400K, reserved 1048576K
}
Event: 3.553 GC heap before
{Heap before GC invocations=8 (full 0):
 garbage-first heap   total 131072K, used 99367K [0x0000000080000000, 0x0000000100000000)
  region size 1024K, 46 young (47104K), 6 survivors (6144K)
 Metaspace       used 59759K, committed 60736K, reserved 1114112K
  class space    used 6228K, committed 6656K, reserved 1048576K
}
Event: 3.556 GC heap after
{Heap after GC invocations=9 (full 0):
 garbage-first heap   total 131072K, used 58679K [0x0000000080000000, 0x0000000100000000)
  region size 1024K, 3 young (3072K), 3 survivors (3072K)
 Metaspace       used 59759K, committed 60736K, reserved 1114112K
  class space    used 6228K, committed 6656K, reserved 1048576K
}
Event: 3.566 GC heap before
{Heap before GC invocations=9 (full 0):
 garbage-first heap   total 131072K, used 70967K [0x0000000080000000, 0x0000000100000000)
  region size 1024K, 7 young (7168K), 3 survivors (3072K)
 Metaspace       used 60220K, committed 61120K, reserved 1114112K
  class space    used 6272K, committed 6656K, reserved 1048576K
}
Event: 3.568 GC heap after
{Heap after GC invocations=10 (full 0):
 garbage-first heap   total 178176K, used 62737K [0x0000000080000000, 0x0000000100000000)
  region size 1024K, 3 young (3072K), 3 survivors (3072K)
 Metaspace       used 60220K, committed 61120K, reserved 1114112K
  class space    used 6272K, committed 6656K, reserved 1048576K
}
Event: 3.699 GC heap before
{Heap before GC invocations=11 (full 0):
 garbage-first heap   total 178176K, used 143633K [0x0000000080000000, 0x0000000100000000)
  region size 1024K, 82 young (83968K), 3 survivors (3072K)
 Metaspace       used 63317K, committed 64256K, reserved 1114112K
  class space    used 6649K, committed 7040K, reserved 1048576K
}
Event: 3.702 GC heap after
{Heap after GC invocations=12 (full 0):
 garbage-first heap   total 178176K, used 70429K [0x0000000080000000, 0x0000000100000000)
  region size 1024K, 9 young (9216K), 9 survivors (9216K)
 Metaspace       used 63317K, committed 64256K, reserved 1114112K
  class space    used 6649K, committed 7040K, reserved 1048576K
}
Event: 5.835 GC heap before
{Heap before GC invocations=12 (full 0):
 garbage-first heap   total 178176K, used 151325K [0x0000000080000000, 0x0000000100000000)
  region size 1024K, 89 young (91136K), 9 survivors (9216K)
 Metaspace       used 67598K, committed 68672K, reserved 1114112K
  class space    used 7186K, committed 7616K, reserved 1048576K
}
Event: 5.839 GC heap after
{Heap after GC invocations=13 (full 0):
 garbage-first heap   total 178176K, used 77262K [0x0000000080000000, 0x0000000100000000)
  region size 1024K, 8 young (8192K), 8 survivors (8192K)
 Metaspace       used 67598K, committed 68672K, reserved 1114112K
  class space    used 7186K, committed 7616K, reserved 1048576K
}
Event: 6.903 GC heap before
{Heap before GC invocations=13 (full 0):
 garbage-first heap   total 178176K, used 154062K [0x0000000080000000, 0x0000000100000000)
  region size 1024K, 83 young (84992K), 8 survivors (8192K)
 Metaspace       used 69171K, committed 70336K, reserved 1114112K
  class space    used 7401K, committed 7872K, reserved 1048576K
}
Event: 6.907 GC heap after
{Heap after GC invocations=14 (full 0):
 garbage-first heap   total 178176K, used 82306K [0x0000000080000000, 0x0000000100000000)
  region size 1024K, 5 young (5120K), 5 survivors (5120K)
 Metaspace       used 69171K, committed 70336K, reserved 1114112K
  class space    used 7401K, committed 7872K, reserved 1048576K
}
Event: 8.999 GC heap before
{Heap before GC invocations=14 (full 0):
 garbage-first heap   total 178176K, used 156034K [0x0000000080000000, 0x0000000100000000)
  region size 1024K, 77 young (78848K), 5 survivors (5120K)
 Metaspace       used 73710K, committed 74880K, reserved 1179648K
  class space    used 7918K, committed 8384K, reserved 1048576K
}
Event: 9.001 GC heap after
{Heap after GC invocations=15 (full 0):
 garbage-first heap   total 178176K, used 86106K [0x0000000080000000, 0x0000000100000000)
  region size 1024K, 9 young (9216K), 9 survivors (9216K)
 Metaspace       used 73710K, committed 74880K, reserved 1179648K
  class space    used 7918K, committed 8384K, reserved 1048576K
}
Event: 14.113 GC heap before
{Heap before GC invocations=15 (full 0):
 garbage-first heap   total 178176K, used 156762K [0x0000000080000000, 0x0000000100000000)
  region size 1024K, 78 young (79872K), 9 survivors (9216K)
 Metaspace       used 78577K, committed 79744K, reserved 1179648K
  class space    used 8529K, committed 8960K, reserved 1048576K
}
Event: 14.117 GC heap after
{Heap after GC invocations=16 (full 0):
 garbage-first heap   total 178176K, used 93159K [0x0000000080000000, 0x0000000100000000)
  region size 1024K, 10 young (10240K), 10 survivors (10240K)
 Metaspace       used 78577K, committed 79744K, reserved 1179648K
  class space    used 8529K, committed 8960K, reserved 1048576K
}

